2022-12-14 19:03:53,384 INFO  [Log] ** 
2022-12-14 19:03:53,388 INFO  [Log] ############   My first test case is Login test ################ 
2022-12-14 19:03:53,388 INFO  [Log] ** 
2022-12-14 19:03:53,388 INFO  [Log] ** 
2022-12-14 19:06:24,804 INFO  [Log] ************************************** 
2022-12-14 19:06:24,807 INFO  [Log] ############   My first test case is Login test ################ 
2022-12-14 19:06:24,807 INFO  [Log] ********************************************* 
2022-12-14 19:06:24,807 INFO  [Log] **********************************************8 
2022-12-14 19:08:05,557 INFO  [Log] ************************************** 
2022-12-14 19:08:05,559 INFO  [Log] ############   My first test case is Login test ################ 
2022-12-14 19:08:05,569 INFO  [Log] ********************************************* 
2022-12-14 19:08:05,569 INFO  [Log] ********************************************** 
2022-12-14 19:08:05,569 INFO  [Log] My Login test is going on  
2022-12-14 19:08:05,569 INFO  [Log] My test case might be failed 
2022-12-14 19:08:16,564 INFO  [Log] ************************************** 
2022-12-14 19:08:16,567 INFO  [Log] ############   My first test case is Login test ################ 
2022-12-14 19:08:16,567 INFO  [Log] ********************************************* 
2022-12-14 19:08:16,567 INFO  [Log] ********************************************** 
2022-12-14 19:08:16,567 INFO  [Log] My Login test is going on  
2022-12-14 19:08:16,567 INFO  [Log] My test case might be failed 
2022-12-14 19:08:38,351 INFO  [Log] ************************************** 
2022-12-14 19:08:38,353 INFO  [Log] ############   My first test case is Login test ################ 
2022-12-14 19:08:38,353 INFO  [Log] ********************************************* 
2022-12-14 19:08:38,353 INFO  [Log] ********************************************** 
2022-12-14 19:08:38,353 INFO  [Log] My Login test is going on  
2022-12-14 19:08:38,353 INFO  [Log] My test case might be failed 
2022-12-14 19:09:00,677 INFO  [Log] ************************************** 
2022-12-14 19:09:00,681 INFO  [Log] ############   My first test case is Login test ################ 
2022-12-14 19:09:00,681 INFO  [Log] ********************************************* 
2022-12-14 19:09:00,681 INFO  [Log] ********************************************** 
2022-12-14 19:09:00,681 INFO  [Log] My Login test is going on  
2022-12-14 19:09:00,681 INFO  [Log] My test case might be failed 
2022-12-14 19:10:23,452 INFO  [Log] ************************************** 
2022-12-14 19:10:23,454 INFO  [Log] ############   My first test case is Login test ################ 
2022-12-14 19:10:23,454 INFO  [Log] ********************************************* 
2022-12-14 19:10:23,454 INFO  [Log] ********************************************** 
2022-12-14 19:10:23,454 INFO  [Log] My Login test is going on  
2022-12-14 19:10:23,454 INFO  [Log] My test case might be failed 
2022-12-15 13:45:05,851 INFO  [Log] ************************************** 
2022-12-15 13:45:05,855 INFO  [Log] ############   My first test case is Login test ################ 
2022-12-15 13:45:05,855 INFO  [Log] ********************************************* 
2022-12-15 13:45:05,855 INFO  [Log] ********************************************** 
2022-12-15 13:45:05,855 INFO  [Log] My Login test is going on  
2022-12-15 13:45:05,855 INFO  [Log] My test case might be failed 
2022-12-15 13:45:10,708 INFO  [Log] My test case is about to complete 
2022-12-15 13:45:10,708 INFO  [Log] ################################## 
2022-12-15 13:45:10,708 INFO  [Log] ########################################## 
2022-12-15 13:45:10,709 INFO  [Log] ############   This is my login test again ################ 
2022-12-15 13:45:10,709 INFO  [Log] ########################## 
2022-12-15 13:45:10,709 INFO  [Log] ########################################## 
2022-12-26 19:49:05,165 INFO  [Log] ************************************** 
2022-12-26 19:49:05,168 INFO  [Log] ############   My first test case is Login test ################ 
2022-12-26 19:49:05,168 INFO  [Log] ********************************************* 
2022-12-26 19:49:05,168 INFO  [Log] ********************************************** 
2022-12-26 19:49:05,168 INFO  [Log] My Login test is going on  
2022-12-26 19:49:05,168 INFO  [Log] My test case might be failed 
2022-12-26 19:49:16,871 INFO  [Log] My test case is about to complete 
2022-12-26 19:49:16,871 INFO  [Log] ################################## 
2022-12-26 19:49:16,871 INFO  [Log] ########################################## 
2022-12-26 19:49:16,871 INFO  [Log] ############   This is my login test again ################ 
2022-12-26 19:49:16,871 INFO  [Log] ########################## 
2022-12-26 19:49:16,871 INFO  [Log] ########################################## 
2022-12-26 19:49:19,707 INFO  [Log] ************************************** 
2022-12-26 19:49:19,707 INFO  [Log] ############   My first test case is Login test ################ 
2022-12-26 19:49:19,707 INFO  [Log] ********************************************* 
2022-12-26 19:49:19,707 INFO  [Log] ********************************************** 
2022-12-26 19:49:19,707 INFO  [Log] My Login test is going on  
2022-12-26 19:49:19,707 INFO  [Log] My test case might be failed 
2022-12-26 19:49:29,224 INFO  [Log] My test case is about to complete 
2022-12-26 19:49:29,224 INFO  [Log] ################################## 
2022-12-26 19:49:29,224 INFO  [Log] ########################################## 
2022-12-26 19:49:29,224 INFO  [Log] ############   This is my login test again ################ 
2022-12-26 19:49:29,224 INFO  [Log] ########################## 
2022-12-26 19:49:29,224 INFO  [Log] ########################################## 
2022-12-26 19:49:32,097 INFO  [Log] ************************************** 
2022-12-26 19:49:32,097 INFO  [Log] ############   My first test case is Login test ################ 
2022-12-26 19:49:32,097 INFO  [Log] ********************************************* 
2022-12-26 19:49:32,098 INFO  [Log] ********************************************** 
2022-12-26 19:49:32,098 INFO  [Log] My Login test is going on  
2022-12-26 19:49:32,098 INFO  [Log] My test case might be failed 
2022-12-26 19:49:41,437 INFO  [Log] My test case is about to complete 
2022-12-26 19:49:41,437 INFO  [Log] ################################## 
2022-12-26 19:49:41,437 INFO  [Log] ########################################## 
2022-12-26 19:49:41,437 INFO  [Log] ############   This is my login test again ################ 
2022-12-26 19:49:41,437 INFO  [Log] ########################## 
2022-12-26 19:49:41,437 INFO  [Log] ########################################## 
2022-12-26 19:53:42,734 INFO  [Log] ************************************** 
2022-12-26 19:53:42,736 INFO  [Log] ############   My first test case is Login test ################ 
2022-12-26 19:53:42,736 INFO  [Log] ********************************************* 
2022-12-26 19:53:42,736 INFO  [Log] ********************************************** 
2022-12-26 19:53:42,736 INFO  [Log] My Login test is going on  
2022-12-26 19:53:42,736 INFO  [Log] My test case might be failed 
2022-12-26 19:53:45,268 INFO  [Log] ************************************** 
2022-12-26 19:53:45,269 INFO  [Log] ############   My first test case is Login test ################ 
2022-12-26 19:53:45,269 INFO  [Log] ********************************************* 
2022-12-26 19:53:45,269 INFO  [Log] ********************************************** 
2022-12-26 19:53:45,269 INFO  [Log] My Login test is going on  
2022-12-26 19:53:45,269 INFO  [Log] My test case might be failed 
2022-12-26 19:53:49,704 INFO  [Log] My test case is about to complete 
2022-12-26 19:53:49,704 INFO  [Log] ################################## 
2022-12-26 19:53:49,704 INFO  [Log] ########################################## 
2022-12-26 19:53:49,704 INFO  [Log] ############   This is my login test again ################ 
2022-12-26 19:53:49,704 INFO  [Log] ########################## 
2022-12-26 19:53:49,704 INFO  [Log] ########################################## 
2023-01-02 16:10:08,345 INFO  [Log] ************************************** 
2023-01-02 16:10:08,348 INFO  [Log] ############   My first test case is Login test ################ 
2023-01-02 16:10:08,349 INFO  [Log] ********************************************* 
2023-01-02 16:10:08,349 INFO  [Log] ********************************************** 
2023-01-02 16:10:08,349 INFO  [Log] My Login test is going on  
2023-01-02 16:10:08,349 INFO  [Log] My test case might be failed 
2023-01-02 16:10:10,992 INFO  [Log] ************************************** 
2023-01-02 16:10:10,992 INFO  [Log] ############   My first test case is Login test ################ 
2023-01-02 16:10:10,992 INFO  [Log] ********************************************* 
2023-01-02 16:10:10,992 INFO  [Log] ********************************************** 
2023-01-02 16:10:10,992 INFO  [Log] My Login test is going on  
2023-01-02 16:10:10,992 INFO  [Log] My test case might be failed 
2023-01-02 16:10:15,521 INFO  [Log] My test case is about to complete 
2023-01-02 16:10:15,521 INFO  [Log] ################################## 
2023-01-02 16:10:15,521 INFO  [Log] ########################################## 
2023-01-02 16:10:15,521 INFO  [Log] ############   This is my login test again ################ 
2023-01-02 16:10:15,521 INFO  [Log] ########################## 
2023-01-02 16:10:15,521 INFO  [Log] ########################################## 
2023-01-02 18:39:44,869 INFO  [Log] ************************************** 
2023-01-02 18:39:44,872 INFO  [Log] ############   My first test case is Login test ################ 
2023-01-02 18:39:44,872 INFO  [Log] ********************************************* 
2023-01-02 18:39:44,872 INFO  [Log] ********************************************** 
2023-01-02 18:39:44,872 INFO  [Log] My Login test is going on  
2023-01-02 18:39:44,872 INFO  [Log] My test case might be failed 
2023-01-02 18:39:54,569 INFO  [Log] My test case is about to complete 
2023-01-02 18:39:54,569 INFO  [Log] ################################## 
2023-01-02 18:39:54,569 INFO  [Log] ########################################## 
2023-01-02 18:39:54,569 INFO  [Log] ############   This is my login test again ################ 
2023-01-02 18:39:54,569 INFO  [Log] ########################## 
2023-01-02 18:39:54,569 INFO  [Log] ########################################## 
2023-01-02 18:39:57,083 INFO  [Log] ************************************** 
2023-01-02 18:39:57,083 INFO  [Log] ############   My first test case is Login test ################ 
2023-01-02 18:39:57,083 INFO  [Log] ********************************************* 
2023-01-02 18:39:57,083 INFO  [Log] ********************************************** 
2023-01-02 18:39:57,083 INFO  [Log] My Login test is going on  
2023-01-02 18:39:57,083 INFO  [Log] My test case might be failed 
2023-01-02 18:40:06,550 INFO  [Log] My test case is about to complete 
2023-01-02 18:40:06,550 INFO  [Log] ################################## 
2023-01-02 18:40:06,550 INFO  [Log] ########################################## 
2023-01-02 18:40:06,550 INFO  [Log] ############   This is my login test again ################ 
2023-01-02 18:40:06,550 INFO  [Log] ########################## 
2023-01-02 18:40:06,550 INFO  [Log] ########################################## 
2023-01-05 14:51:32,934 INFO  [Log] ************************************** 
2023-01-05 14:51:32,936 INFO  [Log] ############   My first test case is Login test ################ 
2023-01-05 14:51:32,936 INFO  [Log] ********************************************* 
2023-01-05 14:51:32,936 INFO  [Log] ********************************************** 
2023-01-05 14:51:32,936 INFO  [Log] My Login test is going on  
2023-01-05 14:51:32,936 INFO  [Log] My test case might be failed 
2023-01-05 14:51:37,881 INFO  [Log] My test case is about to complete 
2023-01-05 14:51:37,881 INFO  [Log] ################################## 
2023-01-05 14:51:37,881 INFO  [Log] ########################################## 
2023-01-05 14:51:37,881 INFO  [Log] ############   This is my login test again ################ 
2023-01-05 14:51:37,881 INFO  [Log] ########################## 
2023-01-05 14:51:37,881 INFO  [Log] ########################################## 
2023-01-05 14:52:20,106 INFO  [Log] ************************************** 
2023-01-05 14:52:20,108 INFO  [Log] ############   My first test case is Login test ################ 
2023-01-05 14:52:20,109 INFO  [Log] ********************************************* 
2023-01-05 14:52:20,109 INFO  [Log] ********************************************** 
2023-01-05 14:52:20,109 INFO  [Log] My Login test is going on  
2023-01-05 14:52:20,109 INFO  [Log] My test case might be failed 
2023-01-05 14:52:25,350 INFO  [Log] My test case is about to complete 
2023-01-05 14:52:25,350 INFO  [Log] ################################## 
2023-01-05 14:52:25,350 INFO  [Log] ########################################## 
2023-01-05 14:52:25,350 INFO  [Log] ############   This is my login test again ################ 
2023-01-05 14:52:25,350 INFO  [Log] ########################## 
2023-01-05 14:52:25,350 INFO  [Log] ########################################## 
2023-01-05 21:36:37,092 INFO  [Log] ************************************** 
2023-01-05 21:36:37,094 INFO  [Log] ############   My first test case is Login test ################ 
2023-01-05 21:36:37,094 INFO  [Log] ********************************************* 
2023-01-05 21:36:37,094 INFO  [Log] ********************************************** 
2023-01-05 21:36:37,094 INFO  [Log] My Login test is going on  
2023-01-05 21:36:37,094 INFO  [Log] My test case might be failed 
2023-01-05 21:36:44,599 INFO  [Log] My test case is about to complete 
2023-01-05 21:36:44,599 INFO  [Log] ################################## 
2023-01-05 21:36:44,599 INFO  [Log] ########################################## 
2023-01-05 21:36:44,599 INFO  [Log] ############   This is my login test again ################ 
2023-01-05 21:36:44,599 INFO  [Log] ########################## 
2023-01-05 21:36:44,599 INFO  [Log] ########################################## 
2023-01-06 14:30:42,660 INFO  [Log] ************************************** 
2023-01-06 14:30:42,666 INFO  [Log] ############   My first test case is Login test ################ 
2023-01-06 14:30:42,666 INFO  [Log] ********************************************* 
2023-01-06 14:30:42,666 INFO  [Log] ********************************************** 
2023-01-06 14:30:42,666 INFO  [Log] My Login test is going on  
2023-01-06 14:30:42,666 INFO  [Log] My test case might be failed 
2023-01-06 14:30:55,555 INFO  [Log] My test case is about to complete 
2023-01-06 14:30:55,555 INFO  [Log] ################################## 
2023-01-06 14:30:55,555 INFO  [Log] ########################################## 
2023-01-06 14:30:55,555 INFO  [Log] ############   This is my login test again ################ 
2023-01-06 14:30:55,555 INFO  [Log] ########################## 
2023-01-06 14:30:55,555 INFO  [Log] ########################################## 
2023-01-06 14:36:39,001 INFO  [Log] ************************************** 
2023-01-06 14:36:39,004 INFO  [Log] ############   My first test case is Login test ################ 
2023-01-06 14:36:39,004 INFO  [Log] ********************************************* 
2023-01-06 14:36:39,004 INFO  [Log] ********************************************** 
2023-01-06 14:36:39,004 INFO  [Log] My Login test is going on  
2023-01-06 14:36:39,004 INFO  [Log] My test case might be failed 
2023-01-06 14:36:52,348 INFO  [Log] My test case is about to complete 
2023-01-06 14:36:52,348 INFO  [Log] ################################## 
2023-01-06 14:36:52,348 INFO  [Log] ########################################## 
2023-01-06 14:36:52,349 INFO  [Log] ############   This is my login test again ################ 
2023-01-06 14:36:52,349 INFO  [Log] ########################## 
2023-01-06 14:36:52,349 INFO  [Log] ########################################## 
2023-01-06 14:47:10,515 INFO  [Log] ************************************** 
2023-01-06 14:47:10,515 INFO  [Log] ############   My first test case is Login test ################ 
2023-01-06 14:47:10,515 INFO  [Log] ********************************************* 
2023-01-06 14:47:10,515 INFO  [Log] ********************************************** 
2023-01-06 14:47:10,515 INFO  [Log] My Login test is going on  
2023-01-06 14:47:10,515 INFO  [Log] My test case might be failed 
2023-01-06 14:47:30,658 INFO  [Log] My test case is about to complete 
2023-01-06 14:47:30,658 INFO  [Log] ################################## 
2023-01-06 14:47:30,658 INFO  [Log] ########################################## 
2023-01-06 14:47:30,659 INFO  [Log] ############   This is my login test again ################ 
2023-01-06 14:47:30,659 INFO  [Log] ########################## 
2023-01-06 14:47:30,659 INFO  [Log] ########################################## 
2023-01-06 14:49:14,578 INFO  [Log] ************************************** 
2023-01-06 14:49:14,582 INFO  [Log] ############   My first test case is Login test ################ 
2023-01-06 14:49:14,582 INFO  [Log] ********************************************* 
2023-01-06 14:49:14,582 INFO  [Log] ********************************************** 
2023-01-06 14:49:14,582 INFO  [Log] My Login test is going on  
2023-01-06 14:49:14,582 INFO  [Log] My test case might be failed 
2023-01-06 14:49:31,046 INFO  [Log] My test case is about to complete 
2023-01-06 14:49:31,046 INFO  [Log] ################################## 
2023-01-06 14:49:31,046 INFO  [Log] ########################################## 
2023-01-06 14:49:31,046 INFO  [Log] ############   This is my login test again ################ 
2023-01-06 14:49:31,046 INFO  [Log] ########################## 
2023-01-06 14:49:31,046 INFO  [Log] ########################################## 
2023-01-08 10:27:34,819 INFO  [Log] ************************************** 
2023-01-08 10:27:34,821 INFO  [Log] ############   My first test case is Login test ################ 
2023-01-08 10:27:34,821 INFO  [Log] ********************************************* 
2023-01-08 10:27:34,821 INFO  [Log] ********************************************** 
2023-01-08 10:27:34,821 INFO  [Log] My Login test is going on  
2023-01-08 10:27:34,821 INFO  [Log] My test case might be failed 
2023-01-08 10:28:13,825 INFO  [Log] ************************************** 
2023-01-08 10:28:13,826 INFO  [Log] ############   My first test case is Login test ################ 
2023-01-08 10:28:13,827 INFO  [Log] ********************************************* 
2023-01-08 10:28:13,827 INFO  [Log] ********************************************** 
2023-01-08 10:28:13,827 INFO  [Log] My Login test is going on  
2023-01-08 10:28:13,827 INFO  [Log] My test case might be failed 
2023-01-08 10:28:20,704 INFO  [Log] My test case is about to complete 
2023-01-08 10:28:20,704 INFO  [Log] ################################## 
2023-01-08 10:28:20,704 INFO  [Log] ########################################## 
2023-01-08 10:28:20,704 INFO  [Log] ############   This is my login test again ################ 
2023-01-08 10:28:20,704 INFO  [Log] ########################## 
2023-01-08 10:28:20,704 INFO  [Log] ########################################## 
2023-01-08 10:37:49,678 INFO  [Log] ************************************** 
2023-01-08 10:37:49,680 INFO  [Log] ############   My first test case is Login test ################ 
2023-01-08 10:37:49,680 INFO  [Log] ********************************************* 
2023-01-08 10:37:49,680 INFO  [Log] ********************************************** 
2023-01-08 10:37:49,680 INFO  [Log] My Login test is going on  
2023-01-08 10:37:49,680 INFO  [Log] My test case might be failed 
2023-01-08 10:37:56,776 INFO  [Log] My test case is about to complete 
2023-01-08 10:37:56,776 INFO  [Log] ################################## 
2023-01-08 10:37:56,776 INFO  [Log] ########################################## 
2023-01-08 10:37:56,776 INFO  [Log] ############   This is my login test again ################ 
2023-01-08 10:37:56,776 INFO  [Log] ########################## 
2023-01-08 10:37:56,776 INFO  [Log] ########################################## 
2023-01-08 11:19:05,711 INFO  [Log] ************************************** 
2023-01-08 11:19:05,713 INFO  [Log] ############   My first test case is Login test ################ 
2023-01-08 11:19:05,713 INFO  [Log] ********************************************* 
2023-01-08 11:19:05,713 INFO  [Log] ********************************************** 
2023-01-08 11:19:05,713 INFO  [Log] My Login test is going on  
2023-01-08 11:19:05,714 INFO  [Log] My test case might be failed 
2023-01-08 11:19:21,875 INFO  [Log] My test case is about to complete 
2023-01-08 11:19:21,875 INFO  [Log] ################################## 
2023-01-08 11:19:21,875 INFO  [Log] ########################################## 
2023-01-08 11:19:21,875 INFO  [Log] ############   This is my login test again ################ 
2023-01-08 11:19:21,875 INFO  [Log] ########################## 
2023-01-08 11:19:21,875 INFO  [Log] ########################################## 
2023-01-08 11:22:03,299 INFO  [Log] ************************************** 
2023-01-08 11:22:03,301 INFO  [Log] ############   My first test case is Login test ################ 
2023-01-08 11:22:03,301 INFO  [Log] ********************************************* 
2023-01-08 11:22:03,301 INFO  [Log] ********************************************** 
2023-01-08 11:22:03,301 INFO  [Log] My Login test is going on  
2023-01-08 11:22:03,301 INFO  [Log] My test case might be failed 
2023-01-08 11:23:41,316 INFO  [Log] ************************************** 
2023-01-08 11:23:41,318 INFO  [Log] ############   My first test case is Login test ################ 
2023-01-08 11:23:41,318 INFO  [Log] ********************************************* 
2023-01-08 11:23:41,318 INFO  [Log] ********************************************** 
2023-01-08 11:23:41,318 INFO  [Log] My Login test is going on  
2023-01-08 11:23:41,318 INFO  [Log] My test case might be failed 
2023-01-08 11:23:51,230 INFO  [Log] My test case is about to complete 
2023-01-08 11:23:51,230 INFO  [Log] ################################## 
2023-01-08 11:23:51,230 INFO  [Log] ########################################## 
2023-01-08 11:23:51,230 INFO  [Log] ############   This is my login test again ################ 
2023-01-08 11:23:51,230 INFO  [Log] ########################## 
2023-01-08 11:23:51,230 INFO  [Log] ########################################## 
2023-01-08 11:27:54,378 INFO  [Log] ************************************** 
2023-01-08 11:27:54,380 INFO  [Log] ############   My first test case is Login test ################ 
2023-01-08 11:27:54,380 INFO  [Log] ********************************************* 
2023-01-08 11:27:54,380 INFO  [Log] ********************************************** 
2023-01-08 11:27:54,380 INFO  [Log] My Login test is going on  
2023-01-08 11:27:54,381 INFO  [Log] My test case might be failed 
2023-01-08 11:28:03,596 INFO  [Log] My test case is about to complete 
2023-01-08 11:28:03,596 INFO  [Log] ################################## 
2023-01-08 11:28:03,596 INFO  [Log] ########################################## 
2023-01-08 11:28:03,596 INFO  [Log] ############   This is my login test again ################ 
2023-01-08 11:28:03,596 INFO  [Log] ########################## 
2023-01-08 11:28:03,596 INFO  [Log] ########################################## 
2023-01-08 11:48:36,189 INFO  [Log] ************************************** 
2023-01-08 11:48:36,191 INFO  [Log] ############   My first test case is Login test ################ 
2023-01-08 11:48:36,191 INFO  [Log] ********************************************* 
2023-01-08 11:48:36,191 INFO  [Log] ********************************************** 
2023-01-08 11:48:36,191 INFO  [Log] My Login test is going on  
2023-01-08 11:48:36,191 INFO  [Log] My test case might be failed 
2023-01-08 11:48:45,976 INFO  [Log] My test case is about to complete 
2023-01-08 11:48:45,976 INFO  [Log] ################################## 
2023-01-08 11:48:45,976 INFO  [Log] ########################################## 
2023-01-08 11:48:45,976 INFO  [Log] ############   This is my login test again ################ 
2023-01-08 11:48:45,976 INFO  [Log] ########################## 
2023-01-08 11:48:45,976 INFO  [Log] ########################################## 
2023-01-08 12:00:02,576 INFO  [Log] ************************************** 
2023-01-08 12:00:02,584 INFO  [Log] ############   My first test case is Login test ################ 
2023-01-08 12:00:02,585 INFO  [Log] ********************************************* 
2023-01-08 12:00:02,585 INFO  [Log] ********************************************** 
2023-01-08 12:00:02,585 INFO  [Log] My Login test is going on  
2023-01-08 12:00:02,585 INFO  [Log] My test case might be failed 
2023-01-08 12:00:13,850 INFO  [Log] My test case is about to complete 
2023-01-08 12:00:13,850 INFO  [Log] ################################## 
2023-01-08 12:00:13,850 INFO  [Log] ########################################## 
2023-01-08 12:00:13,851 INFO  [Log] ############   This is my login test again ################ 
2023-01-08 12:00:13,851 INFO  [Log] ########################## 
2023-01-08 12:00:13,851 INFO  [Log] ########################################## 
2023-01-08 12:01:59,482 INFO  [Log] ************************************** 
2023-01-08 12:01:59,484 INFO  [Log] ############   My first test case is Login test ################ 
2023-01-08 12:01:59,484 INFO  [Log] ********************************************* 
2023-01-08 12:01:59,484 INFO  [Log] ********************************************** 
2023-01-08 12:01:59,484 INFO  [Log] My Login test is going on  
2023-01-08 12:01:59,484 INFO  [Log] My test case might be failed 
2023-01-08 12:02:08,092 INFO  [Log] My test case is about to complete 
2023-01-08 12:02:08,092 INFO  [Log] ################################## 
2023-01-08 12:02:08,092 INFO  [Log] ########################################## 
2023-01-08 12:02:08,093 INFO  [Log] ############   This is my login test again ################ 
2023-01-08 12:02:08,093 INFO  [Log] ########################## 
2023-01-08 12:02:08,093 INFO  [Log] ########################################## 
2023-01-08 12:03:56,279 INFO  [Log] ************************************** 
2023-01-08 12:03:56,282 INFO  [Log] ############   My first test case is Login test ################ 
2023-01-08 12:03:56,282 INFO  [Log] ********************************************* 
2023-01-08 12:03:56,282 INFO  [Log] ********************************************** 
2023-01-08 12:03:56,282 INFO  [Log] My Login test is going on  
2023-01-08 12:03:56,282 INFO  [Log] My test case might be failed 
2023-01-08 12:04:06,674 INFO  [Log] My test case is about to complete 
2023-01-08 12:04:06,674 INFO  [Log] ################################## 
2023-01-08 12:04:06,674 INFO  [Log] ########################################## 
2023-01-08 12:04:06,674 INFO  [Log] ############   This is my login test again ################ 
2023-01-08 12:04:06,674 INFO  [Log] ########################## 
2023-01-08 12:04:06,674 INFO  [Log] ########################################## 
2023-01-08 12:17:32,738 INFO  [Log] ************************************** 
2023-01-08 12:17:32,739 INFO  [Log] ############   My first test case is Login test ################ 
2023-01-08 12:17:32,739 INFO  [Log] ********************************************* 
2023-01-08 12:17:32,739 INFO  [Log] ********************************************** 
2023-01-08 12:17:32,739 INFO  [Log] My Login test is going on  
2023-01-08 12:17:32,739 INFO  [Log] My test case might be failed 
2023-01-08 12:17:42,842 INFO  [Log] My test case is about to complete 
2023-01-08 12:17:42,842 INFO  [Log] ################################## 
2023-01-08 12:17:42,842 INFO  [Log] ########################################## 
2023-01-08 12:17:42,842 INFO  [Log] ############   This is my login test again ################ 
2023-01-08 12:17:42,842 INFO  [Log] ########################## 
2023-01-08 12:17:42,842 INFO  [Log] ########################################## 
2023-01-08 20:24:31,802 INFO  [Log] ************************************** 
2023-01-08 20:24:31,804 INFO  [Log] ############   My first test case is Login test ################ 
2023-01-08 20:24:31,804 INFO  [Log] ********************************************* 
2023-01-08 20:24:31,804 INFO  [Log] ********************************************** 
2023-01-08 20:24:31,804 INFO  [Log] My Login test is going on  
2023-01-08 20:24:31,804 INFO  [Log] My test case might be failed 
2023-01-08 20:24:42,584 INFO  [Log] My test case is about to complete 
2023-01-08 20:24:42,584 INFO  [Log] ################################## 
2023-01-08 20:24:42,584 INFO  [Log] ########################################## 
2023-01-08 20:24:42,585 INFO  [Log] ############   This is my login test again ################ 
2023-01-08 20:24:42,585 INFO  [Log] ########################## 
2023-01-08 20:24:42,585 INFO  [Log] ########################################## 
2023-01-08 20:36:58,982 INFO  [Log] ************************************** 
2023-01-08 20:36:58,984 INFO  [Log] ############   My first test case is Login test ################ 
2023-01-08 20:36:58,984 INFO  [Log] ********************************************* 
2023-01-08 20:36:58,984 INFO  [Log] ********************************************** 
2023-01-08 20:36:58,984 INFO  [Log] My Login test is going on  
2023-01-08 20:36:58,984 INFO  [Log] My test case might be failed 
2023-01-08 20:38:14,486 INFO  [Log] ************************************** 
2023-01-08 20:38:14,487 INFO  [Log] ############   My first test case is Login test ################ 
2023-01-08 20:38:14,487 INFO  [Log] ********************************************* 
2023-01-08 20:38:14,487 INFO  [Log] ********************************************** 
2023-01-08 20:38:14,487 INFO  [Log] My Login test is going on  
2023-01-08 20:38:14,487 INFO  [Log] My test case might be failed 
2023-01-08 20:38:24,605 INFO  [Log] My test case is about to complete 
2023-01-08 20:38:24,605 INFO  [Log] ################################## 
2023-01-08 20:38:24,605 INFO  [Log] ########################################## 
2023-01-08 20:38:24,605 INFO  [Log] ############   This is my login test again ################ 
2023-01-08 20:38:24,605 INFO  [Log] ########################## 
2023-01-08 20:38:24,605 INFO  [Log] ########################################## 
2023-01-08 21:37:50,247 INFO  [Log] ************************************** 
2023-01-08 21:37:50,249 INFO  [Log] ############   My first test case is Login test ################ 
2023-01-08 21:37:50,249 INFO  [Log] ********************************************* 
2023-01-08 21:37:50,249 INFO  [Log] ********************************************** 
2023-01-08 21:37:50,249 INFO  [Log] My Login test is going on  
2023-01-08 21:37:50,249 INFO  [Log] My test case might be failed 
2023-01-08 21:38:21,519 INFO  [Log] ************************************** 
2023-01-08 21:38:21,521 INFO  [Log] ############   My first test case is Login test ################ 
2023-01-08 21:38:21,521 INFO  [Log] ********************************************* 
2023-01-08 21:38:21,521 INFO  [Log] ********************************************** 
2023-01-08 21:38:21,521 INFO  [Log] My Login test is going on  
2023-01-08 21:38:21,521 INFO  [Log] My test case might be failed 
2023-01-08 21:39:23,472 INFO  [Log] ************************************** 
2023-01-08 21:39:23,473 INFO  [Log] ############   My first test case is Login test ################ 
2023-01-08 21:39:23,474 INFO  [Log] ********************************************* 
2023-01-08 21:39:23,474 INFO  [Log] ********************************************** 
2023-01-08 21:39:23,474 INFO  [Log] My Login test is going on  
2023-01-08 21:39:23,474 INFO  [Log] My test case might be failed 
2023-01-08 21:39:41,778 INFO  [Log] ************************************** 
2023-01-08 21:39:41,780 INFO  [Log] ############   My first test case is Login test ################ 
2023-01-08 21:39:41,780 INFO  [Log] ********************************************* 
2023-01-08 21:39:41,780 INFO  [Log] ********************************************** 
2023-01-08 21:39:41,780 INFO  [Log] My Login test is going on  
2023-01-08 21:39:41,780 INFO  [Log] My test case might be failed 
2023-01-08 21:40:34,666 INFO  [Log] ************************************** 
2023-01-08 21:40:34,668 INFO  [Log] ############   My first test case is Login test ################ 
2023-01-08 21:40:34,669 INFO  [Log] ********************************************* 
2023-01-08 21:40:34,669 INFO  [Log] ********************************************** 
2023-01-08 21:40:34,669 INFO  [Log] My Login test is going on  
2023-01-08 21:40:34,669 INFO  [Log] My test case might be failed 
2023-01-08 21:40:45,363 INFO  [Log] My test case is about to complete 
2023-01-08 21:40:45,363 INFO  [Log] ################################## 
2023-01-08 21:40:45,363 INFO  [Log] ########################################## 
2023-01-08 21:40:45,364 INFO  [Log] ############   This is my login test again ################ 
2023-01-08 21:40:45,364 INFO  [Log] ########################## 
2023-01-08 21:40:45,364 INFO  [Log] ########################################## 
2023-01-08 21:42:15,701 INFO  [Log] ************************************** 
2023-01-08 21:42:15,702 INFO  [Log] ############   My first test case is Login test ################ 
2023-01-08 21:42:15,702 INFO  [Log] ********************************************* 
2023-01-08 21:42:15,702 INFO  [Log] ********************************************** 
2023-01-08 21:42:15,702 INFO  [Log] My Login test is going on  
2023-01-08 21:42:15,702 INFO  [Log] My test case might be failed 
2023-01-08 21:42:28,252 INFO  [Log] My test case is about to complete 
2023-01-08 21:42:28,252 INFO  [Log] ################################## 
2023-01-08 21:42:28,252 INFO  [Log] ########################################## 
2023-01-08 21:42:28,252 INFO  [Log] ############   This is my login test again ################ 
2023-01-08 21:42:28,252 INFO  [Log] ########################## 
2023-01-08 21:42:28,252 INFO  [Log] ########################################## 
2023-01-08 21:45:12,856 INFO  [Log] ************************************** 
2023-01-08 21:45:12,858 INFO  [Log] ############   My first test case is Login test ################ 
2023-01-08 21:45:12,858 INFO  [Log] ********************************************* 
2023-01-08 21:45:12,858 INFO  [Log] ********************************************** 
2023-01-08 21:45:12,858 INFO  [Log] My Login test is going on  
2023-01-08 21:45:12,858 INFO  [Log] My test case might be failed 
2023-01-08 21:45:25,323 INFO  [Log] My test case is about to complete 
2023-01-08 21:45:25,323 INFO  [Log] ################################## 
2023-01-08 21:45:25,323 INFO  [Log] ########################################## 
2023-01-08 21:45:25,324 INFO  [Log] ############   This is my login test again ################ 
2023-01-08 21:45:25,324 INFO  [Log] ########################## 
2023-01-08 21:45:25,324 INFO  [Log] ########################################## 
2023-01-12 14:10:04,274 INFO  [Log] ************************************** 
2023-01-12 14:10:04,278 INFO  [Log] ############   My first test case is Login test ################ 
2023-01-12 14:10:04,278 INFO  [Log] ********************************************* 
2023-01-12 14:10:04,278 INFO  [Log] ********************************************** 
2023-01-12 14:10:04,278 INFO  [Log] My Login test is going on  
2023-01-12 14:10:04,278 INFO  [Log] My test case might be failed 
2023-01-12 14:10:09,929 INFO  [Log] ************************************** 
2023-01-12 14:10:09,929 INFO  [Log] ############   My first test case is Login test ################ 
2023-01-12 14:10:09,929 INFO  [Log] ********************************************* 
2023-01-12 14:10:09,929 INFO  [Log] ********************************************** 
2023-01-12 14:10:09,929 INFO  [Log] My Login test is going on  
2023-01-12 14:10:09,929 INFO  [Log] My test case might be failed 
2023-01-12 14:11:09,546 INFO  [Log] ************************************** 
2023-01-12 14:11:09,549 INFO  [Log] ############   My first test case is Login test ################ 
2023-01-12 14:11:09,549 INFO  [Log] ********************************************* 
2023-01-12 14:11:09,549 INFO  [Log] ********************************************** 
2023-01-12 14:11:09,549 INFO  [Log] My Login test is going on  
2023-01-12 14:11:09,549 INFO  [Log] My test case might be failed 
2023-01-12 14:11:19,624 INFO  [Log] My test case is about to complete 
2023-01-12 14:11:19,624 INFO  [Log] ################################## 
2023-01-12 14:11:19,624 INFO  [Log] ########################################## 
2023-01-12 14:11:19,630 INFO  [Log] ############   This is my login test again ################ 
2023-01-12 14:11:19,630 INFO  [Log] ########################## 
2023-01-12 14:11:19,630 INFO  [Log] ########################################## 
2023-01-12 14:11:22,438 INFO  [Log] ************************************** 
2023-01-12 14:11:22,438 INFO  [Log] ############   My first test case is Login test ################ 
2023-01-12 14:11:22,438 INFO  [Log] ********************************************* 
2023-01-12 14:11:22,438 INFO  [Log] ********************************************** 
2023-01-12 14:11:22,438 INFO  [Log] My Login test is going on  
2023-01-12 14:11:22,438 INFO  [Log] My test case might be failed 
2023-01-12 14:11:38,241 INFO  [Log] My test case is about to complete 
2023-01-12 14:11:38,241 INFO  [Log] ################################## 
2023-01-12 14:11:38,241 INFO  [Log] ########################################## 
2023-01-12 14:11:38,241 INFO  [Log] ############   This is my login test again ################ 
2023-01-12 14:11:38,241 INFO  [Log] ########################## 
2023-01-12 14:11:38,241 INFO  [Log] ########################################## 
2023-01-12 14:11:41,648 INFO  [Log] ************************************** 
2023-01-12 14:11:41,648 INFO  [Log] ############   My first test case is Login test ################ 
2023-01-12 14:11:41,648 INFO  [Log] ********************************************* 
2023-01-12 14:11:41,648 INFO  [Log] ********************************************** 
2023-01-12 14:11:41,648 INFO  [Log] My Login test is going on  
2023-01-12 14:11:41,648 INFO  [Log] My test case might be failed 
2023-01-12 14:11:52,885 INFO  [Log] My test case is about to complete 
2023-01-12 14:11:52,885 INFO  [Log] ################################## 
2023-01-12 14:11:52,885 INFO  [Log] ########################################## 
2023-01-12 14:11:52,885 INFO  [Log] ############   This is my login test again ################ 
2023-01-12 14:11:52,885 INFO  [Log] ########################## 
2023-01-12 14:11:52,885 INFO  [Log] ########################################## 
2023-01-25 19:20:50,268 INFO  [Log] ************************************** 
2023-01-25 19:20:50,271 INFO  [Log] ############   My first test case is Login test ################ 
2023-01-25 19:20:50,271 INFO  [Log] ********************************************* 
2023-01-25 19:20:50,271 INFO  [Log] ********************************************** 
2023-01-25 19:20:50,271 INFO  [Log] My Login test is going on  
2023-01-25 19:20:50,271 INFO  [Log] My test case might be failed 
2023-01-25 19:21:16,585 INFO  [Log] My test case is about to complete 
2023-01-25 19:21:16,585 INFO  [Log] ################################## 
2023-01-25 19:21:16,585 INFO  [Log] ########################################## 
2023-01-25 19:21:16,585 INFO  [Log] ############   This is my login test again ################ 
2023-01-25 19:21:16,585 INFO  [Log] ########################## 
2023-01-25 19:21:16,585 INFO  [Log] ########################################## 
2023-01-25 19:23:26,243 INFO  [Log] ************************************** 
2023-01-25 19:23:26,246 INFO  [Log] ############   My first test case is Login test ################ 
2023-01-25 19:23:26,246 INFO  [Log] ********************************************* 
2023-01-25 19:23:26,246 INFO  [Log] ********************************************** 
2023-01-25 19:23:26,246 INFO  [Log] My Login test is going on  
2023-01-25 19:23:26,246 INFO  [Log] My test case might be failed 
2023-01-25 19:23:49,259 INFO  [Log] My test case is about to complete 
2023-01-25 19:23:49,259 INFO  [Log] ################################## 
2023-01-25 19:23:49,259 INFO  [Log] ########################################## 
2023-01-25 19:23:49,259 INFO  [Log] ############   This is my login test again ################ 
2023-01-25 19:23:49,259 INFO  [Log] ########################## 
2023-01-25 19:23:49,259 INFO  [Log] ########################################## 
2023-01-25 19:25:22,557 INFO  [Log] ************************************** 
2023-01-25 19:25:22,560 INFO  [Log] ############   My first test case is Login test ################ 
2023-01-25 19:25:22,561 INFO  [Log] ********************************************* 
2023-01-25 19:25:22,561 INFO  [Log] ********************************************** 
2023-01-25 19:25:22,561 INFO  [Log] My Login test is going on  
2023-01-25 19:25:22,561 INFO  [Log] My test case might be failed 
2023-01-25 19:26:28,869 INFO  [Log] My test case is about to complete 
2023-01-25 19:26:28,869 INFO  [Log] ################################## 
2023-01-25 19:26:28,869 INFO  [Log] ########################################## 
2023-01-25 19:26:28,869 INFO  [Log] ############   This is my login test again ################ 
2023-01-25 19:26:28,869 INFO  [Log] ########################## 
2023-01-25 19:26:28,869 INFO  [Log] ########################################## 
2023-01-30 18:21:44,344 INFO  [Log] ************************************** 
2023-01-30 18:21:44,346 INFO  [Log] ############   My first test case is Login test ################ 
2023-01-30 18:21:44,347 INFO  [Log] ********************************************* 
2023-01-30 18:21:44,347 INFO  [Log] ********************************************** 
2023-01-30 18:21:44,347 INFO  [Log] My Login test is going on  
2023-01-30 18:21:44,347 INFO  [Log] My test case might be failed 
2023-01-30 18:21:47,019 INFO  [Log] My test case is about to complete 
2023-01-30 18:21:47,019 INFO  [Log] ################################## 
2023-01-30 18:21:47,019 INFO  [Log] ########################################## 
2023-01-30 18:21:47,019 INFO  [Log] ############   This is my login test again ################ 
2023-01-30 18:21:47,019 INFO  [Log] ########################## 
2023-01-30 18:21:47,019 INFO  [Log] ########################################## 
2023-01-30 18:23:56,947 INFO  [Log] ************************************** 
2023-01-30 18:23:56,949 INFO  [Log] ############   My first test case is Login test ################ 
2023-01-30 18:23:56,949 INFO  [Log] ********************************************* 
2023-01-30 18:23:56,949 INFO  [Log] ********************************************** 
2023-01-30 18:23:56,949 INFO  [Log] My Login test is going on  
2023-01-30 18:23:56,949 INFO  [Log] My test case might be failed 
2023-01-30 18:24:02,853 INFO  [Log] My test case is about to complete 
2023-01-30 18:24:02,853 INFO  [Log] ################################## 
2023-01-30 18:24:02,853 INFO  [Log] ########################################## 
2023-01-30 18:24:02,853 INFO  [Log] ############   This is my login test again ################ 
2023-01-30 18:24:02,853 INFO  [Log] ########################## 
2023-01-30 18:24:02,853 INFO  [Log] ########################################## 
2023-01-30 18:26:15,083 INFO  [Log] ************************************** 
2023-01-30 18:26:15,086 INFO  [Log] ############   My first test case is Login test ################ 
2023-01-30 18:26:15,086 INFO  [Log] ********************************************* 
2023-01-30 18:26:15,086 INFO  [Log] ********************************************** 
2023-01-30 18:26:15,086 INFO  [Log] My Login test is going on  
2023-01-30 18:26:15,086 INFO  [Log] My test case might be failed 
2023-01-30 18:26:36,369 INFO  [Log] My test case is about to complete 
2023-01-30 18:26:36,369 INFO  [Log] ################################## 
2023-01-30 18:26:36,370 INFO  [Log] ########################################## 
2023-01-30 18:26:36,370 INFO  [Log] ############   This is my login test again ################ 
2023-01-30 18:26:36,370 INFO  [Log] ########################## 
2023-01-30 18:26:36,370 INFO  [Log] ########################################## 
2023-01-30 18:28:43,499 INFO  [Log] ************************************** 
2023-01-30 18:28:43,502 INFO  [Log] ############   My first test case is Login test ################ 
2023-01-30 18:28:43,502 INFO  [Log] ********************************************* 
2023-01-30 18:28:43,502 INFO  [Log] ********************************************** 
2023-01-30 18:28:43,502 INFO  [Log] My Login test is going on  
2023-01-30 18:28:43,502 INFO  [Log] My test case might be failed 
2023-01-30 18:28:57,515 INFO  [Log] My test case is about to complete 
2023-01-30 18:28:57,515 INFO  [Log] ################################## 
2023-01-30 18:28:57,515 INFO  [Log] ########################################## 
2023-01-30 18:28:57,520 INFO  [Log] ############   This is my login test again ################ 
2023-01-30 18:28:57,520 INFO  [Log] ########################## 
2023-01-30 18:28:57,520 INFO  [Log] ########################################## 
2023-01-30 18:36:22,551 INFO  [Log] ************************************** 
2023-01-30 18:36:22,553 INFO  [Log] ############   My first test case is Login test ################ 
2023-01-30 18:36:22,553 INFO  [Log] ********************************************* 
2023-01-30 18:36:22,553 INFO  [Log] ********************************************** 
2023-01-30 18:36:22,553 INFO  [Log] My Login test is going on  
2023-01-30 18:36:22,553 INFO  [Log] My test case might be failed 
2023-01-30 18:36:28,291 INFO  [Log] My test case is about to complete 
2023-01-30 18:36:28,291 INFO  [Log] ################################## 
2023-01-30 18:36:28,291 INFO  [Log] ########################################## 
2023-01-30 18:36:28,291 INFO  [Log] ############   This is my login test again ################ 
2023-01-30 18:36:28,291 INFO  [Log] ########################## 
2023-01-30 18:36:28,291 INFO  [Log] ########################################## 
2023-01-30 18:45:19,247 INFO  [Log] ************************************** 
2023-01-30 18:45:19,249 INFO  [Log] ############   My first test case is Login test ################ 
2023-01-30 18:45:19,249 INFO  [Log] ********************************************* 
2023-01-30 18:45:19,249 INFO  [Log] ********************************************** 
2023-01-30 18:45:19,249 INFO  [Log] My Login test is going on  
2023-01-30 18:45:19,249 INFO  [Log] My test case might be failed 
2023-01-30 18:45:25,144 INFO  [Log] My test case is about to complete 
2023-01-30 18:45:25,144 INFO  [Log] ################################## 
2023-01-30 18:45:25,144 INFO  [Log] ########################################## 
2023-01-30 18:45:25,145 INFO  [Log] ############   This is my login test again ################ 
2023-01-30 18:45:25,145 INFO  [Log] ########################## 
2023-01-30 18:45:25,145 INFO  [Log] ########################################## 
2023-01-31 21:53:07,057 INFO  [Log] ************************************** 
2023-01-31 21:53:07,058 INFO  [Log] ############   My first test case is Login test ################ 
2023-01-31 21:53:07,058 INFO  [Log] ********************************************* 
2023-01-31 21:53:07,058 INFO  [Log] ********************************************** 
2023-01-31 21:53:07,058 INFO  [Log] My Login test is going on  
2023-01-31 21:53:07,058 INFO  [Log] My test case might be failed 
2023-01-31 21:53:12,476 INFO  [Log] My test case is about to complete 
2023-01-31 21:53:12,476 INFO  [Log] ################################## 
2023-01-31 21:53:12,477 INFO  [Log] ########################################## 
2023-01-31 21:53:12,477 INFO  [Log] ############   This is my login test again ################ 
2023-01-31 21:53:12,477 INFO  [Log] ########################## 
2023-01-31 21:53:12,477 INFO  [Log] ########################################## 
2023-01-31 22:18:28,217 INFO  [Log] ************************************** 
2023-01-31 22:18:28,219 INFO  [Log] ############   My first test case is Login test ################ 
2023-01-31 22:18:28,219 INFO  [Log] ********************************************* 
2023-01-31 22:18:28,219 INFO  [Log] ********************************************** 
2023-01-31 22:18:28,220 INFO  [Log] My Login test is going on  
2023-01-31 22:18:28,220 INFO  [Log] My test case might be failed 
2023-01-31 22:18:33,181 INFO  [Log] My test case is about to complete 
2023-01-31 22:18:33,181 INFO  [Log] ################################## 
2023-01-31 22:18:33,181 INFO  [Log] ########################################## 
2023-01-31 22:18:33,181 INFO  [Log] ############   This is my login test again ################ 
2023-01-31 22:18:33,181 INFO  [Log] ########################## 
2023-01-31 22:18:33,181 INFO  [Log] ########################################## 
2023-02-25 21:48:31,284 INFO  [Log] ************************************** 
2023-02-25 21:48:31,287 INFO  [Log] ############   My first test case is Login test ################ 
2023-02-25 21:48:31,287 INFO  [Log] ********************************************* 
2023-02-25 21:48:31,287 INFO  [Log] ********************************************** 
2023-02-25 21:48:31,287 INFO  [Log] My Login test is going on  
2023-02-25 21:48:31,287 INFO  [Log] My test case might be failed 
2023-02-25 21:50:38,966 INFO  [Log] ************************************** 
2023-02-25 21:50:38,970 INFO  [Log] ############   My first test case is Login test ################ 
2023-02-25 21:50:38,970 INFO  [Log] ********************************************* 
2023-02-25 21:50:38,970 INFO  [Log] ********************************************** 
2023-02-25 21:50:38,970 INFO  [Log] My Login test is going on  
2023-02-25 21:50:38,970 INFO  [Log] My test case might be failed 
2023-02-25 21:50:52,246 INFO  [Log] My test case is about to complete 
2023-02-25 21:50:52,246 INFO  [Log] ################################## 
2023-02-25 21:50:52,246 INFO  [Log] ########################################## 
2023-02-25 21:50:52,247 INFO  [Log] ############   This is my login test again ################ 
2023-02-25 21:50:52,247 INFO  [Log] ########################## 
2023-02-25 21:50:52,247 INFO  [Log] ########################################## 
2023-02-25 21:54:29,901 INFO  [Log] ************************************** 
2023-02-25 21:54:29,903 INFO  [Log] ############   My first test case is Login test ################ 
2023-02-25 21:54:29,903 INFO  [Log] ********************************************* 
2023-02-25 21:54:29,903 INFO  [Log] ********************************************** 
2023-02-25 21:54:29,903 INFO  [Log] My Login test is going on  
2023-02-25 21:54:29,903 INFO  [Log] My test case might be failed 
2023-02-25 21:54:45,160 INFO  [Log] My test case is about to complete 
2023-02-25 21:54:45,160 INFO  [Log] ################################## 
2023-02-25 21:54:45,160 INFO  [Log] ########################################## 
2023-02-25 21:54:45,160 INFO  [Log] ############   This is my login test again ################ 
2023-02-25 21:54:45,160 INFO  [Log] ########################## 
2023-02-25 21:54:45,160 INFO  [Log] ########################################## 
2023-02-26 17:36:50,590 INFO  [Log] ************************************** 
2023-02-26 17:36:50,592 INFO  [Log] ############   My first test case is Login test ################ 
2023-02-26 17:36:50,592 INFO  [Log] ********************************************* 
2023-02-26 17:36:50,592 INFO  [Log] ********************************************** 
2023-02-26 17:36:50,592 INFO  [Log] My Login test is going on  
2023-02-26 17:36:50,592 INFO  [Log] My test case might be failed 
2023-02-26 17:37:51,781 INFO  [Log] ************************************** 
2023-02-26 17:37:51,781 INFO  [Log] ############   My first test case is Login test ################ 
2023-02-26 17:37:51,781 INFO  [Log] ********************************************* 
2023-02-26 17:37:51,781 INFO  [Log] ********************************************** 
2023-02-26 17:37:51,781 INFO  [Log] My Login test is going on  
2023-02-26 17:37:51,781 INFO  [Log] My test case might be failed 
2023-02-26 17:37:57,239 INFO  [Log] My test case is about to complete 
2023-02-26 17:37:57,239 INFO  [Log] ################################## 
2023-02-26 17:37:57,239 INFO  [Log] ########################################## 
2023-02-26 17:37:57,239 INFO  [Log] ############   This is my login test again ################ 
2023-02-26 17:37:57,239 INFO  [Log] ########################## 
2023-02-26 17:37:57,239 INFO  [Log] ########################################## 
2023-02-26 17:39:27,435 INFO  [Log] ************************************** 
2023-02-26 17:39:27,435 INFO  [Log] ############   My first test case is Login test ################ 
2023-02-26 17:39:27,435 INFO  [Log] ********************************************* 
2023-02-26 17:39:27,435 INFO  [Log] ********************************************** 
2023-02-26 17:39:27,435 INFO  [Log] My Login test is going on  
2023-02-26 17:39:27,435 INFO  [Log] My test case might be failed 
2023-02-26 17:39:35,429 INFO  [Log] My test case is about to complete 
2023-02-26 17:39:35,429 INFO  [Log] ################################## 
2023-02-26 17:39:35,429 INFO  [Log] ########################################## 
2023-02-26 17:39:35,429 INFO  [Log] ############   This is my login test again ################ 
2023-02-26 17:39:35,429 INFO  [Log] ########################## 
2023-02-26 17:39:35,429 INFO  [Log] ########################################## 
2023-03-05 11:31:07,058 INFO  [Log] ************************************** 
2023-03-05 11:31:07,061 INFO  [Log] ############   My first test case is Login test ################ 
2023-03-05 11:31:07,061 INFO  [Log] ********************************************* 
2023-03-05 11:31:07,061 INFO  [Log] ********************************************** 
2023-03-05 11:31:07,061 INFO  [Log] My Login test is going on  
2023-03-05 11:31:07,061 INFO  [Log] My test case might be failed 
2023-03-05 11:31:17,816 INFO  [Log] ************************************** 
2023-03-05 11:31:17,816 INFO  [Log] ############   My first test case is Login test ################ 
2023-03-05 11:31:17,816 INFO  [Log] ********************************************* 
2023-03-05 11:31:17,816 INFO  [Log] ********************************************** 
2023-03-05 11:31:17,816 INFO  [Log] My Login test is going on  
2023-03-05 11:31:17,816 INFO  [Log] My test case might be failed 
2023-03-05 11:31:22,387 INFO  [Log] ************************************** 
2023-03-05 11:31:22,387 INFO  [Log] ############   My first test case is Login test ################ 
2023-03-05 11:31:22,387 INFO  [Log] ********************************************* 
2023-03-05 11:31:22,387 INFO  [Log] ********************************************** 
2023-03-05 11:31:22,387 INFO  [Log] My Login test is going on  
2023-03-05 11:31:22,387 INFO  [Log] My test case might be failed 
2023-03-05 11:32:45,505 INFO  [Log] ************************************** 
2023-03-05 11:32:45,507 INFO  [Log] ############   My first test case is Login test ################ 
2023-03-05 11:32:45,507 INFO  [Log] ********************************************* 
2023-03-05 11:32:45,507 INFO  [Log] ********************************************** 
2023-03-05 11:32:45,507 INFO  [Log] My Login test is going on  
2023-03-05 11:32:45,507 INFO  [Log] My test case might be failed 
2023-03-05 11:32:56,598 INFO  [Log] My test case is about to complete 
2023-03-05 11:32:56,598 INFO  [Log] ################################## 
2023-03-05 11:32:56,598 INFO  [Log] ########################################## 
2023-03-05 11:32:56,598 INFO  [Log] ############   This is my login test again ################ 
2023-03-05 11:32:56,598 INFO  [Log] ########################## 
2023-03-05 11:32:56,598 INFO  [Log] ########################################## 
2023-03-05 11:33:52,079 INFO  [Log] ************************************** 
2023-03-05 11:33:52,081 INFO  [Log] ############   My first test case is Login test ################ 
2023-03-05 11:33:52,081 INFO  [Log] ********************************************* 
2023-03-05 11:33:52,081 INFO  [Log] ********************************************** 
2023-03-05 11:33:52,081 INFO  [Log] My Login test is going on  
2023-03-05 11:33:52,081 INFO  [Log] My test case might be failed 
2023-03-05 11:34:47,280 INFO  [Log] ************************************** 
2023-03-05 11:34:47,284 INFO  [Log] ############   My first test case is Login test ################ 
2023-03-05 11:34:47,284 INFO  [Log] ********************************************* 
2023-03-05 11:34:47,284 INFO  [Log] ********************************************** 
2023-03-05 11:34:47,284 INFO  [Log] My Login test is going on  
2023-03-05 11:34:47,284 INFO  [Log] My test case might be failed 
2023-03-06 15:53:48,458 INFO  [Log] ************************************** 
2023-03-06 15:53:48,460 INFO  [Log] ############   My first test case is Login test ################ 
2023-03-06 15:53:48,460 INFO  [Log] ********************************************* 
2023-03-06 15:53:48,460 INFO  [Log] ********************************************** 
2023-03-06 15:53:48,460 INFO  [Log] My Login test is going on  
2023-03-06 15:53:48,460 INFO  [Log] My test case might be failed 
2023-03-06 15:56:55,003 INFO  [Log] ************************************** 
2023-03-06 15:56:55,005 INFO  [Log] ############   My first test case is Login test ################ 
2023-03-06 15:56:55,005 INFO  [Log] ********************************************* 
2023-03-06 15:56:55,005 INFO  [Log] ********************************************** 
2023-03-06 15:56:55,005 INFO  [Log] My Login test is going on  
2023-03-06 15:56:55,005 INFO  [Log] My test case might be failed 
2023-03-06 16:03:24,921 INFO  [Log] ************************************** 
2023-03-06 16:03:24,923 INFO  [Log] ############   My first test case is Login test ################ 
2023-03-06 16:03:24,923 INFO  [Log] ********************************************* 
2023-03-06 16:03:24,923 INFO  [Log] ********************************************** 
2023-03-06 16:03:24,923 INFO  [Log] My Login test is going on  
2023-03-06 16:03:24,923 INFO  [Log] My test case might be failed 
2023-03-06 16:04:41,871 INFO  [Log] ************************************** 
2023-03-06 16:04:41,874 INFO  [Log] ############   My first test case is Login test ################ 
2023-03-06 16:04:41,874 INFO  [Log] ********************************************* 
2023-03-06 16:04:41,874 INFO  [Log] ********************************************** 
2023-03-06 16:04:41,874 INFO  [Log] My Login test is going on  
2023-03-06 16:04:41,874 INFO  [Log] My test case might be failed 
2023-03-08 22:28:37,893 INFO  [Log] ************************************** 
2023-03-08 22:28:37,895 INFO  [Log] ############   My first test case is Login test ################ 
2023-03-08 22:28:37,895 INFO  [Log] ********************************************* 
2023-03-08 22:28:37,895 INFO  [Log] ********************************************** 
2023-03-08 22:28:37,895 INFO  [Log] My Login test is going on  
2023-03-08 22:28:37,895 INFO  [Log] My test case might be failed 
2023-03-08 22:34:51,213 INFO  [Log] ************************************** 
2023-03-08 22:34:51,216 INFO  [Log] ############   My first test case is Login test ################ 
2023-03-08 22:34:51,216 INFO  [Log] ********************************************* 
2023-03-08 22:34:51,216 INFO  [Log] ********************************************** 
2023-03-08 22:34:51,216 INFO  [Log] My Login test is going on  
2023-03-08 22:34:51,216 INFO  [Log] My test case might be failed 
2023-03-08 22:39:29,236 INFO  [Log] ************************************** 
2023-03-08 22:39:29,238 INFO  [Log] ############   My first test case is Login test ################ 
2023-03-08 22:39:29,239 INFO  [Log] ********************************************* 
2023-03-08 22:39:29,239 INFO  [Log] ********************************************** 
2023-03-08 22:39:29,239 INFO  [Log] My Login test is going on  
2023-03-08 22:39:29,239 INFO  [Log] My test case might be failed 
2023-04-18 23:42:04,596 INFO  [Log] ************************************** 
2023-04-18 23:42:04,599 INFO  [Log] ############   My first test case is Login test ################ 
2023-04-18 23:42:04,600 INFO  [Log] ********************************************* 
2023-04-18 23:42:04,600 INFO  [Log] ********************************************** 
2023-04-18 23:42:04,600 INFO  [Log] My Login test is going on  
2023-04-18 23:42:04,600 INFO  [Log] My test case might be failed 
2023-04-18 23:46:11,883 INFO  [Log] ************************************** 
2023-04-18 23:46:11,884 INFO  [Log] ############   My first test case is Login test ################ 
2023-04-18 23:46:11,884 INFO  [Log] ********************************************* 
2023-04-18 23:46:11,884 INFO  [Log] ********************************************** 
2023-04-18 23:46:11,884 INFO  [Log] My Login test is going on  
2023-04-18 23:46:11,884 INFO  [Log] My test case might be failed 
2023-04-18 23:47:23,225 INFO  [Log] ************************************** 
2023-04-18 23:47:23,228 INFO  [Log] ############   My first test case is Login test ################ 
2023-04-18 23:47:23,228 INFO  [Log] ********************************************* 
2023-04-18 23:47:23,228 INFO  [Log] ********************************************** 
2023-04-18 23:47:23,228 INFO  [Log] My Login test is going on  
2023-04-18 23:47:23,228 INFO  [Log] My test case might be failed 
2023-04-19 22:03:02,232 INFO  [Log] ************************************** 
2023-04-19 22:03:02,236 INFO  [Log] ############   My first test case is Login test ################ 
2023-04-19 22:03:02,236 INFO  [Log] ********************************************* 
2023-04-19 22:03:02,236 INFO  [Log] ********************************************** 
2023-04-19 22:03:02,239 INFO  [Log] My Login test is going on  
2023-04-19 22:03:02,239 INFO  [Log] My test case might be failed 
2023-04-19 22:34:54,376 INFO  [Log] ************************************** 
2023-04-19 22:34:54,378 INFO  [Log] ############   My first test case is Login test ################ 
2023-04-19 22:34:54,378 INFO  [Log] ********************************************* 
2023-04-19 22:34:54,378 INFO  [Log] ********************************************** 
2023-04-19 22:34:54,378 INFO  [Log] My Login test is going on  
2023-04-19 22:34:54,378 INFO  [Log] My test case might be failed 
2023-04-19 22:39:23,468 INFO  [Log] ************************************** 
2023-04-19 22:39:23,469 INFO  [Log] ############   My first test case is Login test ################ 
2023-04-19 22:39:23,469 INFO  [Log] ********************************************* 
2023-04-19 22:39:23,469 INFO  [Log] ********************************************** 
2023-04-19 22:39:23,469 INFO  [Log] My Login test is going on  
2023-04-19 22:39:23,469 INFO  [Log] My test case might be failed 
2023-04-19 23:08:02,052 INFO  [Log] ************************************** 
2023-04-19 23:08:02,054 INFO  [Log] ############   My first test case is Login test ################ 
2023-04-19 23:08:02,054 INFO  [Log] ********************************************* 
2023-04-19 23:08:02,054 INFO  [Log] ********************************************** 
2023-04-19 23:08:02,054 INFO  [Log] My Login test is going on  
2023-04-19 23:08:02,054 INFO  [Log] My test case might be failed 
2023-05-23 22:50:59,154 INFO  [Log] ************************************** 
2023-05-23 22:50:59,157 INFO  [Log] ############   My first test case is Login test ################ 
2023-05-23 22:50:59,157 INFO  [Log] ********************************************* 
2023-05-23 22:50:59,157 INFO  [Log] ********************************************** 
2023-05-23 22:50:59,157 INFO  [Log] My Login test is going on  
2023-05-23 22:50:59,157 INFO  [Log] My test case might be failed 
2023-07-03 22:15:29,608 INFO  [Log] ************************************** 
2023-07-03 22:15:29,611 INFO  [Log] ############   My first test case is Login test ################ 
2023-07-03 22:15:29,611 INFO  [Log] ********************************************* 
2023-07-03 22:15:29,611 INFO  [Log] ********************************************** 
2023-07-03 22:15:29,611 INFO  [Log] My Login test is going on  
2023-07-03 22:15:29,611 INFO  [Log] My test case might be failed 
2023-07-03 22:15:57,150 INFO  [Log] ************************************** 
2023-07-03 22:15:57,150 INFO  [Log] ############   My first test case is Login test ################ 
2023-07-03 22:15:57,150 INFO  [Log] ********************************************* 
2023-07-03 22:15:57,150 INFO  [Log] ********************************************** 
2023-07-03 22:15:57,150 INFO  [Log] My Login test is going on  
2023-07-03 22:15:57,150 INFO  [Log] My test case might be failed 
2023-07-03 22:16:04,436 INFO  [Log] ************************************** 
2023-07-03 22:16:04,436 INFO  [Log] ############   My first test case is Login test ################ 
2023-07-03 22:16:04,436 INFO  [Log] ********************************************* 
2023-07-03 22:16:04,436 INFO  [Log] ********************************************** 
2023-07-03 22:16:04,436 INFO  [Log] My Login test is going on  
2023-07-03 22:16:04,436 INFO  [Log] My test case might be failed 
2023-07-03 22:20:06,574 INFO  [Log] ************************************** 
2023-07-03 22:20:06,575 INFO  [Log] ############   My first test case is Login test ################ 
2023-07-03 22:20:06,576 INFO  [Log] ********************************************* 
2023-07-03 22:20:06,576 INFO  [Log] ********************************************** 
2023-07-03 22:20:06,576 INFO  [Log] My Login test is going on  
2023-07-03 22:20:06,576 INFO  [Log] My test case might be failed 
2023-08-27 21:47:51,795 INFO  [Log] ************************************** 
2023-08-27 21:47:51,797 INFO  [Log] ############   My first test case is Login test ################ 
2023-08-27 21:47:51,797 INFO  [Log] ********************************************* 
2023-08-27 21:47:51,797 INFO  [Log] ********************************************** 
2023-08-27 21:47:51,797 INFO  [Log] My Login test is going on  
2023-08-27 21:47:51,797 INFO  [Log] My test case might be failed 
2023-08-27 21:51:44,121 INFO  [Log] ************************************** 
2023-08-27 21:51:44,124 INFO  [Log] ############   My first test case is Login test ################ 
2023-08-27 21:51:44,124 INFO  [Log] ********************************************* 
2023-08-27 21:51:44,124 INFO  [Log] ********************************************** 
2023-08-27 21:51:44,124 INFO  [Log] My Login test is going on  
2023-08-27 21:51:44,124 INFO  [Log] My test case might be failed 
2023-08-27 21:54:50,099 INFO  [Log] ************************************** 
2023-08-27 21:54:50,102 INFO  [Log] ############   My first test case is Login test ################ 
2023-08-27 21:54:50,102 INFO  [Log] ********************************************* 
2023-08-27 21:54:50,102 INFO  [Log] ********************************************** 
2023-08-27 21:54:50,102 INFO  [Log] My Login test is going on  
2023-08-27 21:54:50,102 INFO  [Log] My test case might be failed 
2023-08-27 22:05:04,719 INFO  [Log] ************************************** 
2023-08-27 22:05:04,721 INFO  [Log] ############   My first test case is Login test ################ 
2023-08-27 22:05:04,721 INFO  [Log] ********************************************* 
2023-08-27 22:05:04,721 INFO  [Log] ********************************************** 
2023-08-27 22:05:04,721 INFO  [Log] My Login test is going on  
2023-08-27 22:05:04,721 INFO  [Log] My test case might be failed 
2023-08-29 21:53:54,944 INFO  [Log] ************************************** 
2023-08-29 21:53:54,947 INFO  [Log] ############   My first test case is Login test ################ 
2023-08-29 21:53:54,947 INFO  [Log] ********************************************* 
2023-08-29 21:53:54,947 INFO  [Log] ********************************************** 
2023-08-29 21:53:54,947 INFO  [Log] My Login test is going on  
2023-08-29 21:53:54,947 INFO  [Log] My test case might be failed 
2023-08-29 21:56:18,398 INFO  [Log] ************************************** 
2023-08-29 21:56:18,400 INFO  [Log] ############   My first test case is Login test ################ 
2023-08-29 21:56:18,400 INFO  [Log] ********************************************* 
2023-08-29 21:56:18,400 INFO  [Log] ********************************************** 
2023-08-29 21:56:18,400 INFO  [Log] My Login test is going on  
2023-08-29 21:56:18,400 INFO  [Log] My test case might be failed 
2023-08-29 22:15:05,682 INFO  [Log] ************************************** 
2023-08-29 22:15:05,684 INFO  [Log] ############   My first test case is Login test ################ 
2023-08-29 22:15:05,684 INFO  [Log] ********************************************* 
2023-08-29 22:15:05,684 INFO  [Log] ********************************************** 
2023-08-29 22:15:05,685 INFO  [Log] My Login test is going on  
2023-08-29 22:15:05,685 INFO  [Log] My test case might be failed 
