2023-08-30 21:40:48,132 INFO  [Log] ************************************** 
2023-08-30 21:40:48,134 INFO  [Log] ############   My first test case is Login test ################ 
2023-08-30 21:40:48,134 INFO  [Log] ********************************************* 
2023-08-30 21:40:48,134 INFO  [Log] ********************************************** 
2023-08-30 21:40:48,134 INFO  [Log] My Login test is going on  
2023-08-30 21:40:48,134 INFO  [Log] My test case might be failed 
2023-08-30 21:51:14,614 INFO  [Log] ************************************** 
2023-08-30 21:51:14,617 INFO  [Log] ############   My first test case is Login test ################ 
2023-08-30 21:51:14,617 INFO  [Log] ********************************************* 
2023-08-30 21:51:14,617 INFO  [Log] ********************************************** 
2023-08-30 21:51:14,617 INFO  [Log] My Login test is going on  
2023-08-30 21:51:14,617 INFO  [Log] My test case might be failed 
2023-08-30 21:51:14,731 INFO  [Log] ************************************** 
2023-08-30 21:51:14,731 INFO  [Log] ############   user enters valid username and password ################ 
2023-08-30 21:51:14,731 INFO  [Log] ********************************************* 
2023-08-30 21:51:14,731 INFO  [Log] ********************************************** 
2023-08-30 21:51:14,731 INFO  [Log] my user name is admin pass is  Hum@nhrm123 
2023-08-31 22:22:36,174 INFO  [Log] ************************************** 
2023-08-31 22:22:36,177 INFO  [Log] ############   My first test case is Login test ################ 
2023-08-31 22:22:36,177 INFO  [Log] ********************************************* 
2023-08-31 22:22:36,177 INFO  [Log] ********************************************** 
2023-08-31 22:22:36,178 INFO  [Log] My Login test is going on  
2023-08-31 22:22:36,178 INFO  [Log] My test case might be failed 
2023-08-31 22:22:36,346 INFO  [Log] ************************************** 
2023-08-31 22:22:36,346 INFO  [Log] ############   user enters valid username and password ################ 
2023-08-31 22:22:36,346 INFO  [Log] ********************************************* 
2023-08-31 22:22:36,346 INFO  [Log] ********************************************** 
2023-08-31 22:22:36,346 INFO  [Log] my user name is admin pass is  Hum@nhrm123 
2023-08-31 22:26:51,254 INFO  [Log] ************************************** 
2023-08-31 22:26:51,255 INFO  [Log] ############   My first test case is Login test ################ 
2023-08-31 22:26:51,255 INFO  [Log] ********************************************* 
2023-08-31 22:26:51,255 INFO  [Log] ********************************************** 
2023-08-31 22:26:51,255 INFO  [Log] My Login test is going on  
2023-08-31 22:26:51,255 INFO  [Log] My test case might be failed 
2023-08-31 22:26:51,419 INFO  [Log] ************************************** 
2023-08-31 22:26:51,419 INFO  [Log] ############   user enters valid username and password ################ 
2023-08-31 22:26:51,419 INFO  [Log] ********************************************* 
2023-08-31 22:26:51,419 INFO  [Log] ********************************************** 
2023-08-31 22:26:51,419 INFO  [Log] my user name is admin pass is  Hum@nhrm123 
2023-09-05 21:03:10,732 INFO  [Log] ************************************** 
2023-09-05 21:03:10,736 INFO  [Log] ############   My first test case is Login test ################ 
2023-09-05 21:03:10,736 INFO  [Log] ********************************************* 
2023-09-05 21:03:10,736 INFO  [Log] ********************************************** 
2023-09-05 21:03:10,736 INFO  [Log] My Login test is going on  
2023-09-05 21:03:10,736 INFO  [Log] My test case might be failed 
2023-09-05 21:03:10,896 INFO  [Log] ************************************** 
2023-09-05 21:03:10,896 INFO  [Log] ############   user enters valid username and password ################ 
2023-09-05 21:03:10,896 INFO  [Log] ********************************************* 
2023-09-05 21:03:10,896 INFO  [Log] ********************************************** 
2023-09-05 21:03:10,896 INFO  [Log] my user name is admin pass is  Hum@nhrm123 
2023-09-23 11:39:46,402 INFO  [Log] ************************************** 
2023-09-23 11:39:46,405 INFO  [Log] ############   My first test case is Login test ################ 
2023-09-23 11:39:46,405 INFO  [Log] ********************************************* 
2023-09-23 11:39:46,405 INFO  [Log] ********************************************** 
2023-09-23 11:39:46,405 INFO  [Log] My Login test is going on  
2023-09-23 11:39:46,405 INFO  [Log] My test case might be failed 
2023-09-23 11:39:50,556 INFO  [Log] ************************************** 
2023-09-23 11:39:50,557 INFO  [Log] ############   My first test case is Login test ################ 
2023-09-23 11:39:50,557 INFO  [Log] ********************************************* 
2023-09-23 11:39:50,557 INFO  [Log] ********************************************** 
2023-09-23 11:39:50,557 INFO  [Log] My Login test is going on  
2023-09-23 11:39:50,557 INFO  [Log] My test case might be failed 
2023-09-23 11:40:05,472 INFO  [Log] ************************************** 
2023-09-23 11:40:05,472 INFO  [Log] ############   My first test case is Login test ################ 
2023-09-23 11:40:05,472 INFO  [Log] ********************************************* 
2023-09-23 11:40:05,472 INFO  [Log] ********************************************** 
2023-09-23 11:40:05,472 INFO  [Log] My Login test is going on  
2023-09-23 11:40:05,472 INFO  [Log] My test case might be failed 
2023-09-23 11:40:09,042 INFO  [Log] ************************************** 
2023-09-23 11:40:09,043 INFO  [Log] ############   My first test case is Login test ################ 
2023-09-23 11:40:09,043 INFO  [Log] ********************************************* 
2023-09-23 11:40:09,043 INFO  [Log] ********************************************** 
2023-09-23 11:40:09,043 INFO  [Log] My Login test is going on  
2023-09-23 11:40:09,043 INFO  [Log] My test case might be failed 
2023-09-23 11:41:50,293 INFO  [Log] ************************************** 
2023-09-23 11:41:50,294 INFO  [Log] ############   My first test case is Login test ################ 
2023-09-23 11:41:50,294 INFO  [Log] ********************************************* 
2023-09-23 11:41:50,294 INFO  [Log] ********************************************** 
2023-09-23 11:41:50,294 INFO  [Log] My Login test is going on  
2023-09-23 11:41:50,294 INFO  [Log] My test case might be failed 
2023-09-23 11:41:54,565 INFO  [Log] ************************************** 
2023-09-23 11:41:54,566 INFO  [Log] ############   My first test case is Login test ################ 
2023-09-23 11:41:54,566 INFO  [Log] ********************************************* 
2023-09-23 11:41:54,566 INFO  [Log] ********************************************** 
2023-09-23 11:41:54,566 INFO  [Log] My Login test is going on  
2023-09-23 11:41:54,566 INFO  [Log] My test case might be failed 
2023-09-23 11:41:58,824 INFO  [Log] ************************************** 
2023-09-23 11:41:58,824 INFO  [Log] ############   My first test case is Login test ################ 
2023-09-23 11:41:58,824 INFO  [Log] ********************************************* 
2023-09-23 11:41:58,824 INFO  [Log] ********************************************** 
2023-09-23 11:41:58,824 INFO  [Log] My Login test is going on  
2023-09-23 11:41:58,824 INFO  [Log] My test case might be failed 
2023-09-23 11:42:02,052 INFO  [Log] ************************************** 
2023-09-23 11:42:02,052 INFO  [Log] ############   My first test case is Login test ################ 
2023-09-23 11:42:02,052 INFO  [Log] ********************************************* 
2023-09-23 11:42:02,052 INFO  [Log] ********************************************** 
2023-09-23 11:42:02,052 INFO  [Log] My Login test is going on  
2023-09-23 11:42:02,052 INFO  [Log] My test case might be failed 
2023-09-23 11:48:14,284 INFO  [Log] ************************************** 
2023-09-23 11:48:14,286 INFO  [Log] ############   My first test case is Login test ################ 
2023-09-23 11:48:14,286 INFO  [Log] ********************************************* 
2023-09-23 11:48:14,286 INFO  [Log] ********************************************** 
2023-09-23 11:48:14,286 INFO  [Log] My Login test is going on  
2023-09-23 11:48:14,286 INFO  [Log] My test case might be failed 
2023-09-23 11:48:14,404 INFO  [Log] ************************************** 
2023-09-23 11:48:14,405 INFO  [Log] ############   user enters valid username and password ################ 
2023-09-23 11:48:14,405 INFO  [Log] ********************************************* 
2023-09-23 11:48:14,405 INFO  [Log] ********************************************** 
2023-09-23 11:48:14,405 INFO  [Log] my user name is admin pass is  Hum@nhrm123 
2023-12-23 11:39:12,675 INFO  [Log] ************************************** 
2023-12-23 11:39:12,677 INFO  [Log] ############   My first test case is Login test ################ 
2023-12-23 11:39:12,677 INFO  [Log] ********************************************* 
2023-12-23 11:39:12,677 INFO  [Log] ********************************************** 
2023-12-23 11:39:12,677 INFO  [Log] My Login test is going on  
2023-12-23 11:39:12,677 INFO  [Log] My test case might be failed 
2023-12-23 11:39:20,889 INFO  [Log] ************************************** 
2023-12-23 11:39:20,889 INFO  [Log] ############   My first test case is Login test ################ 
2023-12-23 11:39:20,889 INFO  [Log] ********************************************* 
2023-12-23 11:39:20,889 INFO  [Log] ********************************************** 
2023-12-23 11:39:20,889 INFO  [Log] My Login test is going on  
2023-12-23 11:39:20,889 INFO  [Log] My test case might be failed 
2023-12-23 11:39:29,014 INFO  [Log] ************************************** 
2023-12-23 11:39:29,014 INFO  [Log] ############   My first test case is Login test ################ 
2023-12-23 11:39:29,014 INFO  [Log] ********************************************* 
2023-12-23 11:39:29,014 INFO  [Log] ********************************************** 
2023-12-23 11:39:29,014 INFO  [Log] My Login test is going on  
2023-12-23 11:39:29,014 INFO  [Log] My test case might be failed 
2023-12-23 11:39:32,901 INFO  [Log] ************************************** 
2023-12-23 11:39:32,901 INFO  [Log] ############   My first test case is Login test ################ 
2023-12-23 11:39:32,901 INFO  [Log] ********************************************* 
2023-12-23 11:39:32,901 INFO  [Log] ********************************************** 
2023-12-23 11:39:32,901 INFO  [Log] My Login test is going on  
2023-12-23 11:39:32,901 INFO  [Log] My test case might be failed 
